2025-02-25 20:40:11,619 - ERROR - Error adding name plate: images do not match
2025-02-25 20:40:12,141 - INFO - Saved card: output\Rita.png
2025-02-25 20:40:12,337 - ERROR - Error adding name plate: images do not match
2025-02-25 20:40:12,968 - INFO - Saved card: output\Kita.png
2025-02-25 20:40:13,163 - ERROR - Error adding name plate: images do not match
2025-02-25 20:40:13,790 - INFO - Saved card: output\Ronw.png
2025-02-25 21:28:07,986 - ERROR - Error adding name plate: images do not match
2025-02-25 21:28:08,555 - INFO - Saved card: output\Rita.png
2025-02-25 21:28:08,752 - ERROR - Error adding name plate: images do not match
2025-02-25 21:28:09,352 - INFO - Saved card: output\Kita.png
2025-02-25 21:28:09,545 - ERROR - Error adding name plate: images do not match
2025-02-25 21:28:10,147 - INFO - Saved card: output\Ronw.png
2025-02-25 21:33:41,130 - ERROR - Error adding name plate: images do not match
2025-02-25 21:33:41,601 - INFO - Saved card: output\Rita.png
2025-02-25 21:33:41,769 - ERROR - Error adding name plate: images do not match
2025-02-25 21:33:42,332 - INFO - Saved card: output\Kita.png
2025-02-25 21:33:42,501 - ERROR - Error adding name plate: images do not match
2025-02-25 21:33:43,079 - INFO - Saved card: output\Ronw.png
2025-02-25 21:38:24,265 - WARNING - Bold font not found, using regular font.
2025-02-25 21:38:24,287 - WARNING - Bold font not found, using regular font.
2025-02-25 21:38:24,308 - WARNING - Bold font not found, using regular font.
2025-02-25 21:38:24,328 - WARNING - Bold font not found, using regular font.
2025-02-25 21:38:24,349 - WARNING - Bold font not found, using regular font.
2025-02-25 21:38:24,375 - ERROR - Error adding name plate: 'ImageDraw' object has no attribute 'textsize'
2025-02-25 21:38:24,855 - INFO - Saved card: output\Rita.png
2025-02-25 21:38:24,925 - WARNING - Bold font not found, using regular font.
2025-02-25 21:38:24,945 - WARNING - Bold font not found, using regular font.
2025-02-25 21:38:24,965 - WARNING - Bold font not found, using regular font.
2025-02-25 21:38:24,985 - WARNING - Bold font not found, using regular font.
2025-02-25 21:38:25,005 - WARNING - Bold font not found, using regular font.
2025-02-25 21:38:25,031 - ERROR - Error adding name plate: 'ImageDraw' object has no attribute 'textsize'
2025-02-25 21:38:25,595 - INFO - Saved card: output\Kita.png
2025-02-25 21:38:25,666 - WARNING - Bold font not found, using regular font.
2025-02-25 21:38:25,686 - WARNING - Bold font not found, using regular font.
2025-02-25 21:38:25,706 - WARNING - Bold font not found, using regular font.
2025-02-25 21:38:25,727 - WARNING - Bold font not found, using regular font.
2025-02-25 21:38:25,746 - WARNING - Bold font not found, using regular font.
2025-02-25 21:38:25,772 - ERROR - Error adding name plate: 'ImageDraw' object has no attribute 'textsize'
2025-02-25 21:38:26,353 - INFO - Saved card: output\Ronw.png
2025-02-25 21:43:51,955 - WARNING - Bold font not found, using regular font.
2025-02-25 21:43:51,975 - WARNING - Bold font not found, using regular font.
2025-02-25 21:43:51,995 - WARNING - Bold font not found, using regular font.
2025-02-25 21:43:52,015 - WARNING - Bold font not found, using regular font.
2025-02-25 21:43:52,036 - WARNING - Bold font not found, using regular font.
2025-02-25 21:43:52,062 - ERROR - Error adding name plate: 'ImageDraw' object has no attribute 'textsize'
2025-02-25 21:43:52,537 - INFO - Saved card: output\Rita.png
2025-02-25 21:43:52,606 - WARNING - Bold font not found, using regular font.
2025-02-25 21:43:52,627 - WARNING - Bold font not found, using regular font.
2025-02-25 21:43:52,646 - WARNING - Bold font not found, using regular font.
2025-02-25 21:43:52,667 - WARNING - Bold font not found, using regular font.
2025-02-25 21:43:52,687 - WARNING - Bold font not found, using regular font.
2025-02-25 21:43:52,713 - ERROR - Error adding name plate: 'ImageDraw' object has no attribute 'textsize'
2025-02-25 21:43:53,272 - INFO - Saved card: output\Kita.png
2025-02-25 21:43:53,342 - WARNING - Bold font not found, using regular font.
2025-02-25 21:43:53,362 - WARNING - Bold font not found, using regular font.
2025-02-25 21:43:53,382 - WARNING - Bold font not found, using regular font.
2025-02-25 21:43:53,402 - WARNING - Bold font not found, using regular font.
2025-02-25 21:43:53,422 - WARNING - Bold font not found, using regular font.
2025-02-25 21:43:53,448 - ERROR - Error adding name plate: 'ImageDraw' object has no attribute 'textsize'
2025-02-25 21:43:54,024 - INFO - Saved card: output\Ronw.png
2025-02-25 22:33:32,585 - WARNING - Bold font not found, using regular font.
2025-02-25 22:33:32,605 - WARNING - Bold font not found, using regular font.
2025-02-25 22:33:32,635 - WARNING - Bold font not found, using regular font.
2025-02-25 22:33:32,656 - WARNING - Bold font not found, using regular font.
2025-02-25 22:33:32,677 - WARNING - Bold font not found, using regular font.
2025-02-25 22:33:32,714 - ERROR - Error adding name plate: 'ImageDraw' object has no attribute 'textsize'
2025-02-25 22:33:33,218 - INFO - Saved card: output\Rita.png
2025-02-25 22:33:33,302 - WARNING - Bold font not found, using regular font.
2025-02-25 22:33:33,323 - WARNING - Bold font not found, using regular font.
2025-02-25 22:33:33,343 - WARNING - Bold font not found, using regular font.
2025-02-25 22:33:33,365 - WARNING - Bold font not found, using regular font.
2025-02-25 22:33:33,396 - WARNING - Bold font not found, using regular font.
2025-02-25 22:33:33,424 - ERROR - Error adding name plate: 'ImageDraw' object has no attribute 'textsize'
2025-02-25 22:33:34,047 - INFO - Saved card: output\Kita.png
2025-02-25 22:33:34,130 - WARNING - Bold font not found, using regular font.
2025-02-25 22:33:34,154 - WARNING - Bold font not found, using regular font.
2025-02-25 22:33:34,175 - WARNING - Bold font not found, using regular font.
2025-02-25 22:33:34,195 - WARNING - Bold font not found, using regular font.
2025-02-25 22:33:34,218 - WARNING - Bold font not found, using regular font.
2025-02-25 22:33:34,247 - ERROR - Error adding name plate: 'ImageDraw' object has no attribute 'textsize'
2025-02-25 22:33:34,874 - INFO - Saved card: output\Ronw.png
2025-02-25 22:34:55,942 - WARNING - Bold font not found, using regular font.
2025-02-25 22:34:55,964 - WARNING - Bold font not found, using regular font.
2025-02-25 22:34:55,984 - WARNING - Bold font not found, using regular font.
2025-02-25 22:34:56,009 - WARNING - Bold font not found, using regular font.
2025-02-25 22:34:56,034 - WARNING - Bold font not found, using regular font.
2025-02-25 22:34:56,062 - ERROR - Error adding name plate: 'ImageDraw' object has no attribute 'textsize'
2025-02-25 22:34:56,571 - INFO - Saved card: output\Rita.png
2025-02-25 22:34:56,648 - WARNING - Bold font not found, using regular font.
2025-02-25 22:34:56,669 - WARNING - Bold font not found, using regular font.
2025-02-25 22:34:56,693 - WARNING - Bold font not found, using regular font.
2025-02-25 22:34:56,715 - WARNING - Bold font not found, using regular font.
2025-02-25 22:34:56,740 - WARNING - Bold font not found, using regular font.
2025-02-25 22:34:56,767 - ERROR - Error adding name plate: 'ImageDraw' object has no attribute 'textsize'
2025-02-25 22:34:57,350 - INFO - Saved card: output\Kita.png
2025-02-25 22:34:57,422 - WARNING - Bold font not found, using regular font.
2025-02-25 22:34:57,447 - WARNING - Bold font not found, using regular font.
2025-02-25 22:34:57,467 - WARNING - Bold font not found, using regular font.
2025-02-25 22:34:57,489 - WARNING - Bold font not found, using regular font.
2025-02-25 22:34:57,510 - WARNING - Bold font not found, using regular font.
2025-02-25 22:34:57,537 - ERROR - Error adding name plate: 'ImageDraw' object has no attribute 'textsize'
2025-02-25 22:34:58,097 - INFO - Saved card: output\Ronw.png
2025-02-25 22:34:58,211 - WARNING - Bold font not found, using regular font.
2025-02-25 22:34:58,267 - WARNING - Bold font not found, using regular font.
2025-02-25 22:34:58,333 - WARNING - Bold font not found, using regular font.
2025-02-25 22:34:58,364 - WARNING - Bold font not found, using regular font.
2025-02-25 22:34:58,416 - WARNING - Bold font not found, using regular font.
2025-02-25 22:34:58,453 - ERROR - Error adding name plate: 'ImageDraw' object has no attribute 'textsize'
2025-02-25 22:34:58,937 - INFO - Saved card: output\Anki.png
2025-02-25 22:34:59,059 - WARNING - Bold font not found, using regular font.
2025-02-25 22:34:59,118 - WARNING - Bold font not found, using regular font.
2025-02-25 22:34:59,180 - WARNING - Bold font not found, using regular font.
2025-02-25 22:34:59,205 - WARNING - Bold font not found, using regular font.
2025-02-25 22:34:59,250 - WARNING - Bold font not found, using regular font.
2025-02-25 22:34:59,277 - ERROR - Error adding name plate: 'ImageDraw' object has no attribute 'textsize'
2025-02-25 22:34:59,841 - INFO - Saved card: output\Oria.png
2025-02-25 22:34:59,960 - WARNING - Bold font not found, using regular font.
2025-02-25 22:35:00,011 - WARNING - Bold font not found, using regular font.
2025-02-25 22:35:00,066 - WARNING - Bold font not found, using regular font.
2025-02-25 22:35:00,093 - WARNING - Bold font not found, using regular font.
2025-02-25 22:35:00,138 - WARNING - Bold font not found, using regular font.
2025-02-25 22:35:00,169 - ERROR - Error adding name plate: 'ImageDraw' object has no attribute 'textsize'
2025-02-25 22:35:00,765 - INFO - Saved card: output\Xieu.png
2025-02-25 22:35:59,843 - WARNING - Bold font not found, using regular font.
2025-02-25 22:35:59,863 - WARNING - Bold font not found, using regular font.
2025-02-25 22:35:59,884 - WARNING - Bold font not found, using regular font.
2025-02-25 22:35:59,905 - WARNING - Bold font not found, using regular font.
2025-02-25 22:35:59,926 - WARNING - Bold font not found, using regular font.
2025-02-25 22:35:59,952 - ERROR - Error adding name plate: 'ImageDraw' object has no attribute 'textsize'
2025-02-25 22:36:00,448 - INFO - Saved card: output\Rita.png
2025-02-25 22:36:00,525 - WARNING - Bold font not found, using regular font.
2025-02-25 22:36:00,548 - WARNING - Bold font not found, using regular font.
2025-02-25 22:36:00,569 - WARNING - Bold font not found, using regular font.
2025-02-25 22:36:00,604 - WARNING - Bold font not found, using regular font.
2025-02-25 22:36:00,626 - WARNING - Bold font not found, using regular font.
2025-02-25 22:36:00,652 - ERROR - Error adding name plate: 'ImageDraw' object has no attribute 'textsize'
2025-02-25 22:36:01,239 - INFO - Saved card: output\Kita.png
2025-02-25 22:36:01,313 - WARNING - Bold font not found, using regular font.
2025-02-25 22:36:01,333 - WARNING - Bold font not found, using regular font.
2025-02-25 22:36:01,354 - WARNING - Bold font not found, using regular font.
2025-02-25 22:36:01,373 - WARNING - Bold font not found, using regular font.
2025-02-25 22:36:01,405 - WARNING - Bold font not found, using regular font.
2025-02-25 22:36:01,432 - ERROR - Error adding name plate: 'ImageDraw' object has no attribute 'textsize'
2025-02-25 22:36:02,009 - INFO - Saved card: output\Ronw.png
2025-02-25 22:36:02,113 - WARNING - Bold font not found, using regular font.
2025-02-25 22:36:02,161 - WARNING - Bold font not found, using regular font.
2025-02-25 22:36:02,218 - WARNING - Bold font not found, using regular font.
2025-02-25 22:36:02,243 - WARNING - Bold font not found, using regular font.
2025-02-25 22:36:02,288 - WARNING - Bold font not found, using regular font.
2025-02-25 22:36:02,316 - ERROR - Error adding name plate: 'ImageDraw' object has no attribute 'textsize'
2025-02-25 22:36:02,793 - INFO - Saved card: output\Anki.png
2025-02-25 22:36:02,906 - WARNING - Bold font not found, using regular font.
2025-02-25 22:36:02,964 - WARNING - Bold font not found, using regular font.
2025-02-25 22:36:03,017 - WARNING - Bold font not found, using regular font.
2025-02-25 22:36:03,043 - WARNING - Bold font not found, using regular font.
2025-02-25 22:36:03,093 - WARNING - Bold font not found, using regular font.
2025-02-25 22:36:03,119 - ERROR - Error adding name plate: 'ImageDraw' object has no attribute 'textsize'
2025-02-25 22:36:03,698 - INFO - Saved card: output\Oria.png
2025-02-25 22:36:03,811 - WARNING - Bold font not found, using regular font.
2025-02-25 22:36:03,860 - WARNING - Bold font not found, using regular font.
2025-02-25 22:36:03,915 - WARNING - Bold font not found, using regular font.
2025-02-25 22:36:03,940 - WARNING - Bold font not found, using regular font.
2025-02-25 22:36:03,984 - WARNING - Bold font not found, using regular font.
2025-02-25 22:36:04,011 - ERROR - Error adding name plate: 'ImageDraw' object has no attribute 'textsize'
2025-02-25 22:36:04,564 - INFO - Saved card: output\Xieu.png
2025-02-25 22:41:55,425 - INFO - Saved card: output\Rita.png
2025-02-25 22:41:56,196 - INFO - Saved card: output\Kita.png
2025-02-25 22:41:56,971 - INFO - Saved card: output\Ronw.png
2025-02-25 22:41:57,773 - INFO - Saved card: output\Anki.png
2025-02-25 22:41:58,683 - INFO - Saved card: output\Oria.png
2025-02-25 22:41:59,547 - INFO - Saved card: output\Xieu.png
